c:\users\adamb\desktop\fearinme\fearinme\obj\debug\main.obj
c:\users\adamb\desktop\fearinme\fearinme\obj\debug\ofapp.obj
c:\users\adamb\desktop\fearinme\fearinme\obj\debug\ofxcvfloatimage.obj
c:\users\adamb\desktop\fearinme\fearinme\obj\debug\ofxcvshortimage.obj
c:\users\adamb\desktop\fearinme\fearinme\obj\debug\ofxcvgrayscaleimage.obj
c:\users\adamb\desktop\fearinme\fearinme\obj\debug\ofxcvimage.obj
c:\users\adamb\desktop\fearinme\fearinme\obj\debug\ofxcvcolorimage.obj
c:\users\adamb\desktop\fearinme\fearinme\obj\debug\ofxcvcontourfinder.obj
c:\users\adamb\desktop\fearinme\fearinme\obj\debug\ofxcvhaarfinder.obj
c:\users\adamb\desktop\fearinme\fearinme\obj\debug\vc140.pdb
c:\users\adamb\desktop\fearinme\fearinme\obj\debug\enemy.obj
c:\users\adamb\desktop\fearinme\fearinme\obj\debug\player.obj
c:\users\adamb\desktop\fearinme\fearinme\bin\fearinme_debug.lib
c:\users\adamb\desktop\fearinme\fearinme\bin\fearinme_debug.exp
c:\users\adamb\desktop\fearinme\fearinme\bin\fearinme_debug.ilk
c:\users\adamb\desktop\fearinme\fearinme\bin\fearinme_debug.exe
c:\users\adamb\desktop\fearinme\fearinme\bin\fearinme_debug.pdb
c:\users\adamb\desktop\fearinme\fearinme\obj\debug\icon.res
c:\users\adamb\desktop\fearinme\fearinme\obj\debug\fearinme.vcxprojresolveassemblyreference.cache
c:\users\adamb\desktop\fearinme\fearinme\obj\debug\fearinme.tlog\cl.command.1.tlog
c:\users\adamb\desktop\fearinme\fearinme\obj\debug\fearinme.tlog\cl.read.1.tlog
c:\users\adamb\desktop\fearinme\fearinme\obj\debug\fearinme.tlog\cl.write.1.tlog
c:\users\adamb\desktop\fearinme\fearinme\obj\debug\fearinme.tlog\fearinme.write.1u.tlog
c:\users\adamb\desktop\fearinme\fearinme\obj\debug\fearinme.tlog\link.command.1.tlog
c:\users\adamb\desktop\fearinme\fearinme\obj\debug\fearinme.tlog\link.read.1.tlog
c:\users\adamb\desktop\fearinme\fearinme\obj\debug\fearinme.tlog\link.write.1.tlog
c:\users\adamb\desktop\fearinme\fearinme\obj\debug\fearinme.tlog\rc.command.1.tlog
c:\users\adamb\desktop\fearinme\fearinme\obj\debug\fearinme.tlog\rc.read.1.tlog
c:\users\adamb\desktop\fearinme\fearinme\obj\debug\fearinme.tlog\rc.write.1.tlog
